FAILED tests/test_cached_api.py::TestCachedAPI::test_init - NameError: name 'Mock' is not defined
FAILED tests/test_cached_api.py::TestCachedAPI::test_init_cache - NameError: name 'Mock' is not defined
FAILED tests/test_cached_api.py::TestCachedAPI::test_cached_api_request_success - NameError: name 'Mock' is not defined
FAILED tests/test_cached_api.py::TestCachedAPI::test_cached_api_request_error - NameError: name 'Mock' is not defined
FAILED tests/test_cached_api.py::TestCachedAPI::test_connect_to_api_memory_cache_hit - NameError: name 'Mock' is not defined
FAILED tests/test_cached_api.py::TestCachedAPI::test_connect_to_api_memory_cache_error_file_cache_hit - NameError: name 'Mock' is not defined
FAILED tests/test_cached_api.py::TestCachedAPI::test_connect_to_api_memory_cache_empty_file_cache_hit - NameError: name 'Mock' is not defined
FAILED tests/test_cached_api.py::TestCachedAPI::test_connect_to_api_no_cache_api_success - NameError: name 'Mock' is not defined
FAILED tests/test_cached_api.py::TestCachedAPI::test_connect_to_api_no_cache_api_empty_response - NameError: name 'Mock' is not defined
FAILED tests/test_cached_api.py::TestCachedAPI::test_connect_to_api_error - NameError: name 'Mock' is not defined
FAILED tests/test_cached_api.py::TestCachedAPI::test_clear_cache_success - NameError: name 'Mock' is not defined
FAILED tests/test_cached_api.py::TestCachedAPI::test_get_cache_status_success - NameError: name 'Mock' is not defined
FAILED tests/test_cached_api.py::TestCachedAPI::test_connect_method - NameError: name 'Mock' is not defined
FAILED tests/test_cached_api.py::TestCachedAPI::test_connect_method_error - NameError: name 'Mock' is not defined
FAILED tests/test_cached_api.py::TestCachedAPI::test_connect_method_no_params - NameError: name 'Mock' is not defined
FAILED tests/test_cached_api.py::TestCachedAPI::test_connect_method_with_default_params - NameError: name 'Mock' is not defined
FAILED tests/test_cached_api.py::TestCachedAPI::test_connect_method_without_params_arg - NameError: name 'Mock' is not defined
FAILED tests/test_cached_api.py::TestCachedAPI::test_connect_method_signature_coverage - NameError: name 'Mock' is not defined
FAILED tests/test_cached_api.py::TestCachedAPI::test_connect_method_exception_handling - NameError: name 'Mock' is not defined