FAILED tests/test_ui_helpers.py::TestFilterVacanciesByKeyword::test_filter_by_vacancy_id - TypeError: Vacancy.__init__() missing 1 required positional arg...
FAILED tests/test_ui_helpers.py::TestFilterVacanciesByKeyword::test_filter_by_title - TypeError: Vacancy.__init__() missing 1 required positional arg...
FAILED tests/test_ui_helpers.py::TestFilterVacanciesByKeyword::test_filter_by_requirements - TypeError: Vacancy.__init__() missing 1 required positional arg...
FAILED tests/test_ui_helpers.py::TestFilterVacanciesByKeyword::test_filter_by_responsibilities - TypeError: Vacancy.__init__() missing 1 required positional arg...
FAILED tests/test_ui_helpers.py::TestFilterVacanciesByKeyword::test_filter_by_description - TypeError: Vacancy.__init__() missing 1 required positional arg...
FAILED tests/test_ui_helpers.py::TestFilterVacanciesByKeyword::test_filter_by_detailed_description - TypeError: Vacancy.__init__() missing 1 required positional arg...
FAILED tests/test_ui_helpers.py::TestFilterVacanciesByKeyword::test_filter_by_skills_dict - TypeError: Vacancy.__init__() missing 1 required positional arg...
FAILED tests/test_ui_helpers.py::TestFilterVacanciesByKeyword::test_filter_by_skills_string - TypeError: Vacancy.__init__() missing 1 required positional arg...
FAILED tests/test_ui_helpers.py::TestFilterVacanciesByKeyword::test_filter_by_employer - TypeError: Vacancy.__init__() missing 1 required positional arg...
FAILED tests/test_ui_helpers.py::TestFilterVacanciesByKeyword::test_filter_by_employment - TypeError: Vacancy.__init__() missing 1 required positional arg...
FAILED tests/test_ui_helpers.py::TestFilterVacanciesByKeyword::test_filter_by_schedule - TypeError: Vacancy.__init__() missing 1 required positional arg...
FAILED tests/test_ui_helpers.py::TestFilterVacanciesByKeyword::test_filter_by_experience - TypeError: Vacancy.__init__() missing 1 required positional arg...
FAILED tests/test_ui_helpers.py::TestFilterVacanciesByKeyword::test_filter_by_benefits - TypeError: Vacancy.__init__() missing 1 required positional arg...
FAILED tests/test_ui_helpers.py::TestFilterVacanciesByKeyword::test_filter_no_matches - TypeError: Vacancy.__init__() missing 1 required positional arg...
FAILED tests/test_ui_helpers.py::TestFilterVacanciesByKeyword::test_filter_sort_by_relevance - TypeError: Vacancy.__init__() missing 1 required positional arg...
FAILED tests/test_ui_helpers.py::TestDebugVacancySearch::test_debug_vacancy_search_full_info - TypeError: Vacancy.__init__() missing 1 required positional arg...
FAILED tests/test_ui_helpers.py::TestDebugVacancySearch::test_debug_vacancy_search_no_matches - TypeError: Vacancy.__init__() missing 1 required positional arg...
FAILED tests/test_ui_helpers.py::TestDebugSearchVacancies::test_debug_search_vacancies - TypeError: Vacancy.__init__() missing 1 required positional arg...
FAILED tests/test_ui_helpers.py::TestDisplayVacancyInfo::test_display_vacancy_info - TypeError: Vacancy.__init__() missing 1 required positional arg...
FAILED tests/test_ui_helpers.py::TestDisplayVacancyInfo::test_display_vacancy_info_no_number - TypeError: Vacancy.__init__() missing 1 required positional arg...