FAILED tests/test_json_saver.py::TestJSONSaver::test_load_vacancies_vacancy_creation_error - assert [<src.vacanci...7f1565f8b7d0>] == []
FAILED tests/test_json_saver.py::TestJSONSaver::test_delete_vacancy_by_id_error - AttributeError: 'JSONSaver' object attribute 'load_vacancies' is read-only
FAILED tests/test_json_saver.py::TestJSONSaver::test_save_to_file_invalid_vacancy_type - TypeError: vars() argument must have __dict__ attribute
FAILED tests/test_json_saver.py::TestJSONSaver::test_vacancy_to_dict_without_salary - AssertionError: assert {'currency': 'RUR', 'from': None, 'to': None} is None
ERROR tests/test_json_saver.py::TestJSONSaver::test_add_vacancy_single - TypeError: Salary.__init__() takes from 1 to 2 positional arguments but 4 were given
ERROR tests/test_json_saver.py::TestJSONSaver::test_add_vacancy_update_existing - TypeError: Salary.__init__() takes from 1 to 2 positional arguments but 4 were given
ERROR tests/test_json_saver.py::TestJSONSaver::test_get_vacancies - TypeError: Salary.__init__() takes from 1 to 2 positional arguments but 4 were given
ERROR tests/test_json_saver.py::TestJSONSaver::test_delete_all_vacancies_success - TypeError: Salary.__init__() takes from 1 to 2 positional arguments but 4 were given
ERROR tests/test_json_saver.py::TestJSONSaver::test_delete_vacancy_by_id_success - TypeError: Salary.__init__() takes from 1 to 2 positional arguments but 4 were given
ERROR tests/test_json_saver.py::TestJSONSaver::test_delete_vacancies_by_keyword_success - TypeError: Salary.__init__() takes from 1 to 2 positional arguments but 4 were given
ERROR tests/test_json_saver.py::TestJSONSaver::test_delete_vacancies_by_keyword_no_matches - TypeError: Salary.__init__() takes from 1 to 2 positional arguments but 4 were given
ERROR tests/test_json_saver.py::TestJSONSaver::test_save_to_file_write_error - TypeError: Salary.__init__() takes from 1 to 2 positional arguments but 4 were given
ERROR tests/test_json_saver.py::TestJSONSaver::test_is_vacancy_exists_true - TypeError: Salary.__init__() takes from 1 to 2 positional arguments but 4 were given
ERROR tests/test_json_saver.py::TestJSONSaver::test_is_vacancy_exists_false - TypeError: Salary.__init__() takes from 1 to 2 positional arguments but 4 were given
ERROR tests/test_json_saver.py::TestJSONSaver::test_is_vacancy_exists_error - TypeError: Salary.__init__() takes from 1 to 2 positional arguments but 4 were given
ERROR tests/test_json_saver.py::TestJSONSaver::test_get_file_size_exists - TypeError: Salary.__init__() takes from 1 to 2 positional arguments but 4 were given
ERROR tests/test_json_saver.py::TestJSONSaver::test_vacancy_to_dict_with_salary - TypeError: Salary.__init__() takes from 1 to 2 positional arguments but 4 were given